app/build/intermediates/manifest_merge_blame_file/debug/manifest-merger-blame-debug-report.txt
1<?xml version="1.0" encoding="utf-8"?>
2<manifest xmlns:android="http://schemas.android.com/apk/res/android"
3    package="com.essam.youtubeplayerkt"
4    android:versionCode="1"
5    android:versionName="1.0" >
6
7    <uses-sdk
8        android:minSdkVersion="21"
8-->src\main\AndroidManifest.xml
9        android:targetSdkVersion="29" />
9-->src\main\AndroidManifest.xml
10
11    <uses-permission android:name="android.permission.ACCESS_NETWORK_STATE" />
11-->src\main\AndroidManifest.xml:5:5-79
11-->src\main\AndroidManifest.xml:5:22-76
12    <uses-permission android:name="android.permission.INTERNET" />
12-->src\main\AndroidManifest.xml:6:5-67
12-->src\main\AndroidManifest.xml:6:22-64
13
14    <application
14-->src\main\AndroidManifest.xml:8:5-28:19
15        android:allowBackup="true"
15-->src\main\AndroidManifest.xml:9:9-35
16        android:appComponentFactory="androidx.core.app.CoreComponentFactory"
16-->[androidx.core:core:1.3.1] AndroidManifest.xml:24:18-86
17        android:debuggable="true"
18        android:icon="@mipmap/ic_launcher"
18-->src\main\AndroidManifest.xml:10:9-43
19        android:label="@string/app_name"
19-->src\main\AndroidManifest.xml:11:9-41
20        android:roundIcon="@mipmap/ic_launcher_round"
20-->src\main\AndroidManifest.xml:12:9-54
21        android:supportsRtl="true"
21-->src\main\AndroidManifest.xml:13:9-35
22        android:testOnly="true"
23        android:theme="@style/AppTheme" >
23-->src\main\AndroidManifest.xml:14:9-40
24        <activity
24-->src\main\AndroidManifest.xml:15:9-22:20
25            android:name="com.exam.youtube.ui.SplashActivity"
25-->src\main\AndroidManifest.xml:15:19-68
26            android:theme="@style/SplashTheme" >
26-->src\main\AndroidManifest.xml:16:13-47
27            <intent-filter>
27-->src\main\AndroidManifest.xml:17:13-21:29
28                <action android:name="android.intent.action.MAIN" />
28-->src\main\AndroidManifest.xml:18:17-69
28-->src\main\AndroidManifest.xml:18:25-66
29
30                <category android:name="android.intent.category.LAUNCHER" />
30-->src\main\AndroidManifest.xml:20:17-77
30-->src\main\AndroidManifest.xml:20:27-74
31            </intent-filter>
32        </activity>
33        <activity
33-->src\main\AndroidManifest.xml:23:9-25:76
34            android:name="com.exam.youtube.ui.player.VideoPlayerActivity"
34-->src\main\AndroidManifest.xml:23:19-80
35            android:configChanges="keyboardHidden|orientation|screenSize"
35-->src\main\AndroidManifest.xml:25:13-74
36            android:theme="@style/AppTheme.NoActionBar" />
36-->src\main\AndroidManifest.xml:24:13-56
37        <activity android:name="com.exam.youtube.ui.home.HomeActivity" />
37-->src\main\AndroidManifest.xml:26:9-73
37-->src\main\AndroidManifest.xml:26:19-71
38
39        <provider
39-->[androidx.lifecycle:lifecycle-process:2.2.0] AndroidManifest.xml:25:9-29:43
40            android:name="androidx.lifecycle.ProcessLifecycleOwnerInitializer"
40-->[androidx.lifecycle:lifecycle-process:2.2.0] AndroidManifest.xml:26:13-79
41            android:authorities="com.essam.youtubeplayerkt.lifecycle-process"
41-->[androidx.lifecycle:lifecycle-process:2.2.0] AndroidManifest.xml:27:13-69
42            android:exported="false"
42-->[androidx.lifecycle:lifecycle-process:2.2.0] AndroidManifest.xml:28:13-37
43            android:multiprocess="true" />
43-->[androidx.lifecycle:lifecycle-process:2.2.0] AndroidManifest.xml:29:13-40
44    </application>
45
46</manifest>